This file contains any messages produced by compilers while
running configure, to aid debugging if configure makes a mistake.

It was created by fuse configure 2.6.3, which was
generated by GNU Autoconf 2.59.  Invocation command line was

  $ ./configure 

## --------- ##
## Platform. ##
## --------- ##

hostname = localhost.localdomain
uname -m = i686
uname -r = 2.6.18-8.1.10.el5
uname -s = Linux
uname -v = #1 SMP Thu Sep 13 12:17:54 EDT 2007

/usr/bin/uname -p = unknown
/bin/uname -X     = unknown

/bin/arch              = i686
/usr/bin/arch -k       = unknown
/usr/convex/getsysinfo = unknown
hostinfo               = unknown
/bin/machine           = unknown
/usr/bin/oslevel       = unknown
/bin/universe          = unknown

PATH: /usr/local/sbin
PATH: /usr/local/bin
PATH: /sbin
PATH: /bin
PATH: /usr/sbin
PATH: /usr/bin
PATH: /usr/X11R6/bin
PATH: /root/bin


## ----------- ##
## Core tests. ##
## ----------- ##

configure:1515: checking build system type
configure:1533: result: i686-pc-linux-gnu
configure:1541: checking host system type
configure:1555: result: i686-pc-linux-gnu
configure:1563: checking target system type
configure:1577: result: i686-pc-linux-gnu
configure:1605: checking for a BSD-compatible install
configure:1660: result: /usr/bin/install -c
configure:1671: checking whether build environment is sane
configure:1714: result: yes
configure:1779: checking for gawk
configure:1795: found /bin/gawk
configure:1805: result: gawk
configure:1815: checking whether make sets $(MAKE)
configure:1835: result: yes
configure:2154: checking for style of include used by make
configure:2182: result: GNU
configure:2253: checking for gcc
configure:2269: found /usr/bin/gcc
configure:2279: result: gcc
configure:2523: checking for C compiler version
configure:2526: gcc --version </dev/null >&5
gcc (GCC) 4.1.1 20070105 (Red Hat 4.1.1-52)
Copyright (C) 2006 Free Software Foundation, Inc.
This is free software; see the source for copying conditions.  There is NO
warranty; not even for MERCHANTABILITY or FITNESS FOR A PARTICULAR PURPOSE.

configure:2529: $? = 0
configure:2531: gcc -v </dev/null >&5
Using built-in specs.
Target: i386-redhat-linux
Configured with: ../configure --prefix=/usr --mandir=/usr/share/man --infodir=/usr/share/info --enable-shared --enable-threads=posix --enable-checking=release --with-system-zlib --enable-__cxa_atexit --disable-libunwind-exceptions --enable-libgcj-multifile --enable-languages=c,c++,objc,obj-c++,java,fortran,ada --enable-java-awt=gtk --disable-dssi --enable-plugin --with-java-home=/usr/lib/jvm/java-1.4.2-gcj-1.4.2.0/jre --with-cpu=generic --host=i386-redhat-linux
Thread model: posix
gcc version 4.1.1 20070105 (Red Hat 4.1.1-52)
configure:2534: $? = 0
configure:2536: gcc -V </dev/null >&5
gcc: '-V' option must have argument
configure:2539: $? = 1
configure:2562: checking for C compiler default output file name
configure:2565: gcc    conftest.c  >&5
configure:2568: $? = 0
configure:2614: result: a.out
configure:2619: checking whether the C compiler works
configure:2625: ./a.out
configure:2628: $? = 0
configure:2645: result: yes
configure:2652: checking whether we are cross compiling
configure:2654: result: no
configure:2657: checking for suffix of executables
configure:2659: gcc -o conftest    conftest.c  >&5
configure:2662: $? = 0
configure:2687: result: 
configure:2693: checking for suffix of object files
configure:2714: gcc -c   conftest.c >&5
configure:2717: $? = 0
configure:2739: result: o
configure:2743: checking whether we are using the GNU C compiler
configure:2767: gcc -c   conftest.c >&5
configure:2773: $? = 0
configure:2777: test -z 
			 || test ! -s conftest.err
configure:2780: $? = 0
configure:2783: test -s conftest.o
configure:2786: $? = 0
configure:2799: result: yes
configure:2805: checking whether gcc accepts -g
configure:2826: gcc -c -g  conftest.c >&5
configure:2832: $? = 0
configure:2836: test -z 
			 || test ! -s conftest.err
configure:2839: $? = 0
configure:2842: test -s conftest.o
configure:2845: $? = 0
configure:2856: result: yes
configure:2873: checking for gcc option to accept ANSI C
configure:2943: gcc  -c -g -O2  conftest.c >&5
configure:2949: $? = 0
configure:2953: test -z 
			 || test ! -s conftest.err
configure:2956: $? = 0
configure:2959: test -s conftest.o
configure:2962: $? = 0
configure:2980: result: none needed
configure:2998: gcc -c -g -O2  conftest.c >&5
conftest.c:2: error: expected '=', ',', ';', 'asm' or '__attribute__' before 'me'
configure:3004: $? = 1
configure: failed program was:
| #ifndef __cplusplus
|   choke me
| #endif
configure:3139: checking dependency style of gcc
configure:3229: result: gcc3
configure:3246: checking for a sed that does not truncate output
configure:3301: result: /bin/sed
configure:3316: checking for egrep
configure:3326: result: grep -E
configure:3331: checking for fgrep
configure:3341: result: grep -F
configure:3376: checking for ld used by gcc
configure:3443: result: /usr/bin/ld
configure:3452: checking if the linker (/usr/bin/ld) is GNU ld
configure:3467: result: yes
configure:3480: checking for BSD- or MS-compatible name lister (nm)
configure:3529: result: /usr/bin/nm -B
configure:3634: checking the name lister (/usr/bin/nm -B) interface
configure:3641: gcc -c -g -O2  conftest.c >&5
configure:3644: /usr/bin/nm -B "conftest.o"
configure:3647: output
00000000 B some_variable
configure:3654: result: BSD nm
configure:3657: checking whether ln -s works
configure:3661: result: yes
configure:3669: checking the maximum length of command line arguments
configure:3783: result: 32768
configure:3801: checking whether the shell understands some XSI constructs
configure:3809: result: yes
configure:3813: checking for /usr/bin/ld option to reload object files
configure:3820: result: -r
configure:3847: checking how to recognise dependent libraries
configure:4027: result: pass_all
configure:4085: checking for ar
configure:4101: found /usr/bin/ar
configure:4112: result: ar
configure:4178: checking for strip
configure:4194: found /usr/bin/strip
configure:4205: result: strip
configure:4265: checking for ranlib
configure:4281: found /usr/bin/ranlib
configure:4292: result: ranlib
configure:4372: checking command to parse /usr/bin/nm -B output from gcc object
configure:4488: gcc -c -g -O2  conftest.c >&5
configure:4491: $? = 0
configure:4495: /usr/bin/nm -B conftest.o \| sed -n -e 's/^.*[ 	]\([ABCDGIRSTW][ABCDGIRSTW]*\)[ 	][ 	]*\([_A-Za-z][_A-Za-z0-9]*\)$/\1 \2 \2/p' \> conftest.nm
configure:4498: $? = 0
configure:4552: gcc -o conftest -g -O2   conftest.c conftstm.o >&5
configure:4555: $? = 0
configure:4593: result: ok
configure:4829: checking how to run the C preprocessor
configure:4864: gcc -E  conftest.c
configure:4870: $? = 0
configure:4902: gcc -E  conftest.c
conftest.c:11:28: error: ac_nonexistent.h: No such file or directory
configure:4908: $? = 1
configure: failed program was:
| /* confdefs.h.  */
| 
| #define PACKAGE_NAME "fuse"
| #define PACKAGE_TARNAME "fuse"
| #define PACKAGE_VERSION "2.6.3"
| #define PACKAGE_STRING "fuse 2.6.3"
| #define PACKAGE_BUGREPORT ""
| #define PACKAGE "fuse"
| #define VERSION "2.6.3"
| /* end confdefs.h.  */
| #include <ac_nonexistent.h>
configure:4947: result: gcc -E
configure:4971: gcc -E  conftest.c
configure:4977: $? = 0
configure:5009: gcc -E  conftest.c
conftest.c:11:28: error: ac_nonexistent.h: No such file or directory
configure:5015: $? = 1
configure: failed program was:
| /* confdefs.h.  */
| 
| #define PACKAGE_NAME "fuse"
| #define PACKAGE_TARNAME "fuse"
| #define PACKAGE_VERSION "2.6.3"
| #define PACKAGE_STRING "fuse 2.6.3"
| #define PACKAGE_BUGREPORT ""
| #define PACKAGE "fuse"
| #define VERSION "2.6.3"
| /* end confdefs.h.  */
| #include <ac_nonexistent.h>
configure:5059: checking for ANSI C header files
configure:5084: gcc -c -g -O2  conftest.c >&5
configure:5090: $? = 0
configure:5094: test -z 
			 || test ! -s conftest.err
configure:5097: $? = 0
configure:5100: test -s conftest.o
configure:5103: $? = 0
configure:5192: gcc -o conftest -g -O2   conftest.c  >&5
conftest.c: In function 'main':
conftest.c:28: warning: incompatible implicit declaration of built-in function 'exit'
configure:5195: $? = 0
configure:5197: ./conftest
configure:5200: $? = 0
configure:5215: result: yes
configure:5239: checking for sys/types.h
configure:5255: gcc -c -g -O2  conftest.c >&5
configure:5261: $? = 0
configure:5265: test -z 
			 || test ! -s conftest.err
configure:5268: $? = 0
configure:5271: test -s conftest.o
configure:5274: $? = 0
configure:5285: result: yes
configure:5239: checking for sys/stat.h
configure:5255: gcc -c -g -O2  conftest.c >&5
configure:5261: $? = 0
configure:5265: test -z 
			 || test ! -s conftest.err
configure:5268: $? = 0
configure:5271: test -s conftest.o
configure:5274: $? = 0
configure:5285: result: yes
configure:5239: checking for stdlib.h
configure:5255: gcc -c -g -O2  conftest.c >&5
configure:5261: $? = 0
configure:5265: test -z 
			 || test ! -s conftest.err
configure:5268: $? = 0
configure:5271: test -s conftest.o
configure:5274: $? = 0
configure:5285: result: yes
configure:5239: checking for string.h
configure:5255: gcc -c -g -O2  conftest.c >&5
configure:5261: $? = 0
configure:5265: test -z 
			 || test ! -s conftest.err
configure:5268: $? = 0
configure:5271: test -s conftest.o
configure:5274: $? = 0
configure:5285: result: yes
configure:5239: checking for memory.h
configure:5255: gcc -c -g -O2  conftest.c >&5
configure:5261: $? = 0
configure:5265: test -z 
			 || test ! -s conftest.err
configure:5268: $? = 0
configure:5271: test -s conftest.o
configure:5274: $? = 0
configure:5285: result: yes
configure:5239: checking for strings.h
configure:5255: gcc -c -g -O2  conftest.c >&5
configure:5261: $? = 0
configure:5265: test -z 
			 || test ! -s conftest.err
configure:5268: $? = 0
configure:5271: test -s conftest.o
configure:5274: $? = 0
configure:5285: result: yes
configure:5239: checking for inttypes.h
configure:5255: gcc -c -g -O2  conftest.c >&5
configure:5261: $? = 0
configure:5265: test -z 
			 || test ! -s conftest.err
configure:5268: $? = 0
configure:5271: test -s conftest.o
configure:5274: $? = 0
configure:5285: result: yes
configure:5239: checking for stdint.h
configure:5255: gcc -c -g -O2  conftest.c >&5
configure:5261: $? = 0
configure:5265: test -z 
			 || test ! -s conftest.err
configure:5268: $? = 0
configure:5271: test -s conftest.o
configure:5274: $? = 0
configure:5285: result: yes
configure:5239: checking for unistd.h
configure:5255: gcc -c -g -O2  conftest.c >&5
configure:5261: $? = 0
configure:5265: test -z 
			 || test ! -s conftest.err
configure:5268: $? = 0
configure:5271: test -s conftest.o
configure:5274: $? = 0
configure:5285: result: yes
configure:5301: checking for dlfcn.h
configure:5317: gcc -c -g -O2  conftest.c >&5
configure:5323: $? = 0
configure:5327: test -z 
			 || test ! -s conftest.err
configure:5330: $? = 0
configure:5333: test -s conftest.o
configure:5336: $? = 0
configure:5347: result: yes
configure:5409: checking for objdir
configure:5424: result: .libs
configure:5717: checking if gcc supports -fno-rtti -fno-exceptions
configure:5735: gcc -c -g -O2  -fno-rtti -fno-exceptions conftest.c >&5
cc1: warning: command line option "-fno-rtti" is valid for C++/ObjC++ but not for C
configure:5739: $? = 0
configure:5752: result: no
configure:5772: checking for gcc option to produce PIC
configure:6005: result: -fPIC -DPIC
configure:6017: checking if gcc PIC flag -fPIC -DPIC works
configure:6035: gcc -c -g -O2  -fPIC -DPIC -DPIC conftest.c >&5
configure:6039: $? = 0
configure:6052: result: yes
configure:6076: checking if gcc static flag -static works
configure:6104: result: yes
configure:6119: checking if gcc supports -c -o file.o
configure:6140: gcc -c -g -O2  -o out/conftest2.o conftest.c >&5
configure:6144: $? = 0
configure:6166: result: yes
configure:6174: checking if gcc supports -c -o file.o
configure:6221: result: yes
configure:6254: checking whether the gcc linker (/usr/bin/ld) supports shared libraries
configure:7313: result: yes
configure:7350: checking whether -lc should be explicitly linked in
configure:7355: gcc -c -g -O2  conftest.c >&5
configure:7358: $? = 0
configure:7373: gcc -shared conftest.o  -v -Wl,-soname -Wl,conftest -o conftest 2\>\&1 \| grep  -lc  \>/dev/null 2\>\&1
configure:7376: $? = 0
configure:7388: result: no
configure:7542: checking dynamic linker characteristics
configure:8161: result: GNU/Linux ld.so
configure:8256: checking how to hardcode library paths into programs
configure:8281: result: immediate
configure:9127: checking whether stripping libraries is possible
configure:9132: result: yes
configure:9167: checking if libtool supports shared libraries
configure:9169: result: yes
configure:9172: checking whether to build shared libraries
configure:9193: result: yes
configure:9196: checking whether to build static libraries
configure:9200: result: yes
configure:9281: checking for gcc
configure:9307: result: gcc
configure:9551: checking for C compiler version
configure:9554: gcc --version </dev/null >&5
gcc (GCC) 4.1.1 20070105 (Red Hat 4.1.1-52)
Copyright (C) 2006 Free Software Foundation, Inc.
This is free software; see the source for copying conditions.  There is NO
warranty; not even for MERCHANTABILITY or FITNESS FOR A PARTICULAR PURPOSE.

configure:9557: $? = 0
configure:9559: gcc -v </dev/null >&5
Using built-in specs.
Target: i386-redhat-linux
Configured with: ../configure --prefix=/usr --mandir=/usr/share/man --infodir=/usr/share/info --enable-shared --enable-threads=posix --enable-checking=release --with-system-zlib --enable-__cxa_atexit --disable-libunwind-exceptions --enable-libgcj-multifile --enable-languages=c,c++,objc,obj-c++,java,fortran,ada --enable-java-awt=gtk --disable-dssi --enable-plugin --with-java-home=/usr/lib/jvm/java-1.4.2-gcj-1.4.2.0/jre --with-cpu=generic --host=i386-redhat-linux
Thread model: posix
gcc version 4.1.1 20070105 (Red Hat 4.1.1-52)
configure:9562: $? = 0
configure:9564: gcc -V </dev/null >&5
gcc: '-V' option must have argument
configure:9567: $? = 1
configure:9570: checking whether we are using the GNU C compiler
configure:9626: result: yes
configure:9632: checking whether gcc accepts -g
configure:9683: result: yes
configure:9700: checking for gcc option to accept ANSI C
configure:9807: result: none needed
configure:9825: gcc -c -g -O2  conftest.c >&5
conftest.c:2: error: expected '=', ',', ';', 'asm' or '__attribute__' before 'me'
configure:9831: $? = 1
configure: failed program was:
| #ifndef __cplusplus
|   choke me
| #endif
configure:9966: checking dependency style of gcc
configure:10056: result: gcc3
configure:10074: checking whether gcc and cc understand -c and -o together
configure:10104: gcc -c conftest.c -o conftest.o >&5
configure:10107: $? = 0
configure:10109: gcc -c conftest.c -o conftest.o >&5
configure:10112: $? = 0
configure:10119: cc -c conftest.c >&5
configure:10122: $? = 0
configure:10125: cc -c conftest.c -o conftest.o >&5
configure:10128: $? = 0
configure:10130: cc -c conftest.c -o conftest.o >&5
configure:10133: $? = 0
configure:10151: result: yes
configure:10260: checking for fork
configure:10317: gcc -o conftest -Wall -W -Wno-sign-compare -Wstrict-prototypes -Wmissing-declarations -Wwrite-strings -g -O2 -fno-strict-aliasing   conftest.c  >&5
conftest.c:47: warning: function declaration isn't a prototype
conftest.c:47: warning: conflicting types for built-in function 'fork'
conftest.c:54: warning: function declaration isn't a prototype
conftest.c:62: warning: function declaration isn't a prototype
configure:10323: $? = 0
configure:10327: test -z 
			 || test ! -s conftest.err
configure:10330: $? = 0
configure:10333: test -s conftest
configure:10336: $? = 0
configure:10348: result: yes
configure:10260: checking for setxattr
configure:10317: gcc -o conftest -Wall -W -Wno-sign-compare -Wstrict-prototypes -Wmissing-declarations -Wwrite-strings -g -O2 -fno-strict-aliasing   conftest.c  >&5
conftest.c:48: warning: function declaration isn't a prototype
conftest.c:55: warning: function declaration isn't a prototype
conftest.c:63: warning: function declaration isn't a prototype
configure:10323: $? = 0
configure:10327: test -z 
			 || test ! -s conftest.err
configure:10330: $? = 0
configure:10333: test -s conftest
configure:10336: $? = 0
configure:10348: result: yes
configure:10260: checking for fdatasync
configure:10317: gcc -o conftest -Wall -W -Wno-sign-compare -Wstrict-prototypes -Wmissing-declarations -Wwrite-strings -g -O2 -fno-strict-aliasing   conftest.c  >&5
conftest.c:49: warning: function declaration isn't a prototype
conftest.c:56: warning: function declaration isn't a prototype
conftest.c:64: warning: function declaration isn't a prototype
configure:10323: $? = 0
configure:10327: test -z 
			 || test ! -s conftest.err
configure:10330: $? = 0
configure:10333: test -s conftest
configure:10336: $? = 0
configure:10348: result: yes
configure:10358: checking for struct stat.st_atim
configure:10381: gcc -c -Wall -W -Wno-sign-compare -Wstrict-prototypes -Wmissing-declarations -Wwrite-strings -g -O2 -fno-strict-aliasing  conftest.c >&5
conftest.c:62: warning: function declaration isn't a prototype
conftest.c: In function 'main':
conftest.c:64: error: used struct type value where scalar is required
configure:10387: $? = 1
configure: failed program was:
| /* confdefs.h.  */
| 
| #define PACKAGE_NAME "fuse"
| #define PACKAGE_TARNAME "fuse"
| #define PACKAGE_VERSION "2.6.3"
| #define PACKAGE_STRING "fuse 2.6.3"
| #define PACKAGE_BUGREPORT ""
| #define PACKAGE "fuse"
| #define VERSION "2.6.3"
| #define STDC_HEADERS 1
| #define HAVE_SYS_TYPES_H 1
| #define HAVE_SYS_STAT_H 1
| #define HAVE_STDLIB_H 1
| #define HAVE_STRING_H 1
| #define HAVE_MEMORY_H 1
| #define HAVE_STRINGS_H 1
| #define HAVE_INTTYPES_H 1
| #define HAVE_STDINT_H 1
| #define HAVE_UNISTD_H 1
| #define HAVE_DLFCN_H 1
| #define LT_OBJDIR ".libs/"
| #define HAVE_FORK 1
| #define HAVE_SETXATTR 1
| #define HAVE_FDATASYNC 1
| /* end confdefs.h.  */
| #include <stdio.h>
| #if HAVE_SYS_TYPES_H
| # include <sys/types.h>
| #endif
| #if HAVE_SYS_STAT_H
| # include <sys/stat.h>
| #endif
| #if STDC_HEADERS
| # include <stdlib.h>
| # include <stddef.h>
| #else
| # if HAVE_STDLIB_H
| #  include <stdlib.h>
| # endif
| #endif
| #if HAVE_STRING_H
| # if !STDC_HEADERS && HAVE_MEMORY_H
| #  include <memory.h>
| # endif
| # include <string.h>
| #endif
| #if HAVE_STRINGS_H
| # include <strings.h>
| #endif
| #if HAVE_INTTYPES_H
| # include <inttypes.h>
| #else
| # if HAVE_STDINT_H
| #  include <stdint.h>
| # endif
| #endif
| #if HAVE_UNISTD_H
| # include <unistd.h>
| #endif
| int
| main ()
| {
| static struct stat ac_aggr;
| if (ac_aggr.st_atim)
| return 0;
|   ;
|   return 0;
| }
configure:10425: gcc -c -Wall -W -Wno-sign-compare -Wstrict-prototypes -Wmissing-declarations -Wwrite-strings -g -O2 -fno-strict-aliasing  conftest.c >&5
conftest.c:62: warning: function declaration isn't a prototype
configure:10431: $? = 0
configure:10435: test -z 
			 || test ! -s conftest.err
configure:10438: $? = 0
configure:10441: test -s conftest.o
configure:10444: $? = 0
configure:10457: result: yes
configure:10468: checking for struct stat.st_atimespec
configure:10491: gcc -c -Wall -W -Wno-sign-compare -Wstrict-prototypes -Wmissing-declarations -Wwrite-strings -g -O2 -fno-strict-aliasing  conftest.c >&5
conftest.c:63: warning: function declaration isn't a prototype
conftest.c: In function 'main':
conftest.c:65: error: 'struct stat' has no member named 'st_atimespec'
configure:10497: $? = 1
configure: failed program was:
| /* confdefs.h.  */
| 
| #define PACKAGE_NAME "fuse"
| #define PACKAGE_TARNAME "fuse"
| #define PACKAGE_VERSION "2.6.3"
| #define PACKAGE_STRING "fuse 2.6.3"
| #define PACKAGE_BUGREPORT ""
| #define PACKAGE "fuse"
| #define VERSION "2.6.3"
| #define STDC_HEADERS 1
| #define HAVE_SYS_TYPES_H 1
| #define HAVE_SYS_STAT_H 1
| #define HAVE_STDLIB_H 1
| #define HAVE_STRING_H 1
| #define HAVE_MEMORY_H 1
| #define HAVE_STRINGS_H 1
| #define HAVE_INTTYPES_H 1
| #define HAVE_STDINT_H 1
| #define HAVE_UNISTD_H 1
| #define HAVE_DLFCN_H 1
| #define LT_OBJDIR ".libs/"
| #define HAVE_FORK 1
| #define HAVE_SETXATTR 1
| #define HAVE_FDATASYNC 1
| #define HAVE_STRUCT_STAT_ST_ATIM 1
| /* end confdefs.h.  */
| #include <stdio.h>
| #if HAVE_SYS_TYPES_H
| # include <sys/types.h>
| #endif
| #if HAVE_SYS_STAT_H
| # include <sys/stat.h>
| #endif
| #if STDC_HEADERS
| # include <stdlib.h>
| # include <stddef.h>
| #else
| # if HAVE_STDLIB_H
| #  include <stdlib.h>
| # endif
| #endif
| #if HAVE_STRING_H
| # if !STDC_HEADERS && HAVE_MEMORY_H
| #  include <memory.h>
| # endif
| # include <string.h>
| #endif
| #if HAVE_STRINGS_H
| # include <strings.h>
| #endif
| #if HAVE_INTTYPES_H
| # include <inttypes.h>
| #else
| # if HAVE_STDINT_H
| #  include <stdint.h>
| # endif
| #endif
| #if HAVE_UNISTD_H
| # include <unistd.h>
| #endif
| int
| main ()
| {
| static struct stat ac_aggr;
| if (ac_aggr.st_atimespec)
| return 0;
|   ;
|   return 0;
| }
configure:10535: gcc -c -Wall -W -Wno-sign-compare -Wstrict-prototypes -Wmissing-declarations -Wwrite-strings -g -O2 -fno-strict-aliasing  conftest.c >&5
conftest.c:63: warning: function declaration isn't a prototype
conftest.c: In function 'main':
conftest.c:65: error: 'struct stat' has no member named 'st_atimespec'
configure:10541: $? = 1
configure: failed program was:
| /* confdefs.h.  */
| 
| #define PACKAGE_NAME "fuse"
| #define PACKAGE_TARNAME "fuse"
| #define PACKAGE_VERSION "2.6.3"
| #define PACKAGE_STRING "fuse 2.6.3"
| #define PACKAGE_BUGREPORT ""
| #define PACKAGE "fuse"
| #define VERSION "2.6.3"
| #define STDC_HEADERS 1
| #define HAVE_SYS_TYPES_H 1
| #define HAVE_SYS_STAT_H 1
| #define HAVE_STDLIB_H 1
| #define HAVE_STRING_H 1
| #define HAVE_MEMORY_H 1
| #define HAVE_STRINGS_H 1
| #define HAVE_INTTYPES_H 1
| #define HAVE_STDINT_H 1
| #define HAVE_UNISTD_H 1
| #define HAVE_DLFCN_H 1
| #define LT_OBJDIR ".libs/"
| #define HAVE_FORK 1
| #define HAVE_SETXATTR 1
| #define HAVE_FDATASYNC 1
| #define HAVE_STRUCT_STAT_ST_ATIM 1
| /* end confdefs.h.  */
| #include <stdio.h>
| #if HAVE_SYS_TYPES_H
| # include <sys/types.h>
| #endif
| #if HAVE_SYS_STAT_H
| # include <sys/stat.h>
| #endif
| #if STDC_HEADERS
| # include <stdlib.h>
| # include <stddef.h>
| #else
| # if HAVE_STDLIB_H
| #  include <stdlib.h>
| # endif
| #endif
| #if HAVE_STRING_H
| # if !STDC_HEADERS && HAVE_MEMORY_H
| #  include <memory.h>
| # endif
| # include <string.h>
| #endif
| #if HAVE_STRINGS_H
| # include <strings.h>
| #endif
| #if HAVE_INTTYPES_H
| # include <inttypes.h>
| #else
| # if HAVE_STDINT_H
| #  include <stdint.h>
| # endif
| #endif
| #if HAVE_UNISTD_H
| # include <unistd.h>
| #endif
| int
| main ()
| {
| static struct stat ac_aggr;
| if (sizeof ac_aggr.st_atimespec)
| return 0;
|   ;
|   return 0;
| }
configure:10567: result: no
configure:10581: checking for library containing clock_gettime
configure:10611: gcc -o conftest -Wall -W -Wno-sign-compare -Wstrict-prototypes -Wmissing-declarations -Wwrite-strings -g -O2 -fno-strict-aliasing   conftest.c  >&5
conftest.c:34: warning: function declaration isn't a prototype
conftest.c:37: warning: function declaration isn't a prototype
/tmp/cc4AGZrL.o: In function `main':
/root/Desktop/Shared/finalProject/fuse-2.6.3/conftest.c:38: undefined reference to `clock_gettime'
collect2: ld returned 1 exit status
configure:10617: $? = 1
configure: failed program was:
| /* confdefs.h.  */
| 
| #define PACKAGE_NAME "fuse"
| #define PACKAGE_TARNAME "fuse"
| #define PACKAGE_VERSION "2.6.3"
| #define PACKAGE_STRING "fuse 2.6.3"
| #define PACKAGE_BUGREPORT ""
| #define PACKAGE "fuse"
| #define VERSION "2.6.3"
| #define STDC_HEADERS 1
| #define HAVE_SYS_TYPES_H 1
| #define HAVE_SYS_STAT_H 1
| #define HAVE_STDLIB_H 1
| #define HAVE_STRING_H 1
| #define HAVE_MEMORY_H 1
| #define HAVE_STRINGS_H 1
| #define HAVE_INTTYPES_H 1
| #define HAVE_STDINT_H 1
| #define HAVE_UNISTD_H 1
| #define HAVE_DLFCN_H 1
| #define LT_OBJDIR ".libs/"
| #define HAVE_FORK 1
| #define HAVE_SETXATTR 1
| #define HAVE_FDATASYNC 1
| #define HAVE_STRUCT_STAT_ST_ATIM 1
| /* end confdefs.h.  */
| 
| /* Override any gcc2 internal prototype to avoid an error.  */
| #ifdef __cplusplus
| extern "C"
| #endif
| /* We use char because int might match the return type of a gcc2
|    builtin and then its argument prototype would still apply.  */
| char clock_gettime ();
| int
| main ()
| {
| clock_gettime ();
|   ;
|   return 0;
| }
configure:10666: gcc -o conftest -Wall -W -Wno-sign-compare -Wstrict-prototypes -Wmissing-declarations -Wwrite-strings -g -O2 -fno-strict-aliasing   conftest.c -lrt   >&5
conftest.c:34: warning: function declaration isn't a prototype
conftest.c:37: warning: function declaration isn't a prototype
configure:10672: $? = 0
configure:10676: test -z 
			 || test ! -s conftest.err
configure:10679: $? = 0
configure:10682: test -s conftest
configure:10685: $? = 0
configure:10700: result: -lrt
configure:10761: checking selinux/selinux.h usability
configure:10773: gcc -c -Wall -W -Wno-sign-compare -Wstrict-prototypes -Wmissing-declarations -Wwrite-strings -g -O2 -fno-strict-aliasing  conftest.c >&5
conftest.c:61:29: error: selinux/selinux.h: No such file or directory
configure:10779: $? = 1
configure: failed program was:
| /* confdefs.h.  */
| 
| #define PACKAGE_NAME "fuse"
| #define PACKAGE_TARNAME "fuse"
| #define PACKAGE_VERSION "2.6.3"
| #define PACKAGE_STRING "fuse 2.6.3"
| #define PACKAGE_BUGREPORT ""
| #define PACKAGE "fuse"
| #define VERSION "2.6.3"
| #define STDC_HEADERS 1
| #define HAVE_SYS_TYPES_H 1
| #define HAVE_SYS_STAT_H 1
| #define HAVE_STDLIB_H 1
| #define HAVE_STRING_H 1
| #define HAVE_MEMORY_H 1
| #define HAVE_STRINGS_H 1
| #define HAVE_INTTYPES_H 1
| #define HAVE_STDINT_H 1
| #define HAVE_UNISTD_H 1
| #define HAVE_DLFCN_H 1
| #define LT_OBJDIR ".libs/"
| #define HAVE_FORK 1
| #define HAVE_SETXATTR 1
| #define HAVE_FDATASYNC 1
| #define HAVE_STRUCT_STAT_ST_ATIM 1
| /* end confdefs.h.  */
| #include <stdio.h>
| #if HAVE_SYS_TYPES_H
| # include <sys/types.h>
| #endif
| #if HAVE_SYS_STAT_H
| # include <sys/stat.h>
| #endif
| #if STDC_HEADERS
| # include <stdlib.h>
| # include <stddef.h>
| #else
| # if HAVE_STDLIB_H
| #  include <stdlib.h>
| # endif
| #endif
| #if HAVE_STRING_H
| # if !STDC_HEADERS && HAVE_MEMORY_H
| #  include <memory.h>
| # endif
| # include <string.h>
| #endif
| #if HAVE_STRINGS_H
| # include <strings.h>
| #endif
| #if HAVE_INTTYPES_H
| # include <inttypes.h>
| #else
| # if HAVE_STDINT_H
| #  include <stdint.h>
| # endif
| #endif
| #if HAVE_UNISTD_H
| # include <unistd.h>
| #endif
| #include <selinux/selinux.h>
configure:10802: result: no
configure:10806: checking selinux/selinux.h presence
configure:10816: gcc -E  conftest.c
conftest.c:27:29: error: selinux/selinux.h: No such file or directory
configure:10822: $? = 1
configure: failed program was:
| /* confdefs.h.  */
| 
| #define PACKAGE_NAME "fuse"
| #define PACKAGE_TARNAME "fuse"
| #define PACKAGE_VERSION "2.6.3"
| #define PACKAGE_STRING "fuse 2.6.3"
| #define PACKAGE_BUGREPORT ""
| #define PACKAGE "fuse"
| #define VERSION "2.6.3"
| #define STDC_HEADERS 1
| #define HAVE_SYS_TYPES_H 1
| #define HAVE_SYS_STAT_H 1
| #define HAVE_STDLIB_H 1
| #define HAVE_STRING_H 1
| #define HAVE_MEMORY_H 1
| #define HAVE_STRINGS_H 1
| #define HAVE_INTTYPES_H 1
| #define HAVE_STDINT_H 1
| #define HAVE_UNISTD_H 1
| #define HAVE_DLFCN_H 1
| #define LT_OBJDIR ".libs/"
| #define HAVE_FORK 1
| #define HAVE_SETXATTR 1
| #define HAVE_FDATASYNC 1
| #define HAVE_STRUCT_STAT_ST_ATIM 1
| /* end confdefs.h.  */
| #include <selinux/selinux.h>
configure:10842: result: no
configure:10877: checking for selinux/selinux.h
configure:10884: result: no
configure:11103: creating ./config.status

## ---------------------- ##
## Running config.status. ##
## ---------------------- ##

This file was extended by fuse config.status 2.6.3, which was
generated by GNU Autoconf 2.59.  Invocation command line was

  CONFIG_FILES    = 
  CONFIG_HEADERS  = 
  CONFIG_LINKS    = 
  CONFIG_COMMANDS = 
  $ ./config.status 

on localhost.localdomain

config.status:900: creating fuse.pc
config.status:900: creating Makefile
config.status:900: creating lib/Makefile
config.status:900: creating util/Makefile
config.status:900: creating example/Makefile
config.status:900: creating include/Makefile
config.status:1004: creating include/config.h
config.status:1122: include/config.h is unchanged
config.status:1302: executing depfiles commands
config.status:1302: executing libtool commands
configure:13185: configuring in kernel
configure:13302: running /bin/sh './configure' --prefix=/usr/local  --cache-file=/dev/null --srcdir=.

## ---------------- ##
## Cache variables. ##
## ---------------- ##

ac_cv_build=i686-pc-linux-gnu
ac_cv_build_alias=i686-pc-linux-gnu
ac_cv_c_compiler_gnu=yes
ac_cv_env_CC_set=
ac_cv_env_CC_value=
ac_cv_env_CFLAGS_set=
ac_cv_env_CFLAGS_value=
ac_cv_env_CPPFLAGS_set=
ac_cv_env_CPPFLAGS_value=
ac_cv_env_CPP_set=
ac_cv_env_CPP_value=
ac_cv_env_LDFLAGS_set=
ac_cv_env_LDFLAGS_value=
ac_cv_env_build_alias_set=
ac_cv_env_build_alias_value=
ac_cv_env_host_alias_set=
ac_cv_env_host_alias_value=
ac_cv_env_target_alias_set=
ac_cv_env_target_alias_value=
ac_cv_exeext=
ac_cv_func_fdatasync=yes
ac_cv_func_fork=yes
ac_cv_func_setxattr=yes
ac_cv_header_dlfcn_h=yes
ac_cv_header_inttypes_h=yes
ac_cv_header_memory_h=yes
ac_cv_header_selinux_selinux_h=no
ac_cv_header_stdc=yes
ac_cv_header_stdint_h=yes
ac_cv_header_stdlib_h=yes
ac_cv_header_string_h=yes
ac_cv_header_strings_h=yes
ac_cv_header_sys_stat_h=yes
ac_cv_header_sys_types_h=yes
ac_cv_header_unistd_h=yes
ac_cv_host=i686-pc-linux-gnu
ac_cv_host_alias=i686-pc-linux-gnu
ac_cv_member_struct_stat_st_atim=yes
ac_cv_member_struct_stat_st_atimespec=no
ac_cv_objext=o
ac_cv_path_install='/usr/bin/install -c'
ac_cv_prog_AWK=gawk
ac_cv_prog_CPP='gcc -E'
ac_cv_prog_ac_ct_AR=ar
ac_cv_prog_ac_ct_CC=gcc
ac_cv_prog_ac_ct_RANLIB=ranlib
ac_cv_prog_ac_ct_STRIP=strip
ac_cv_prog_cc_g=yes
ac_cv_prog_cc_gcc_c_o=yes
ac_cv_prog_cc_stdc=
ac_cv_prog_egrep='grep -E'
ac_cv_prog_fgrep='grep -F'
ac_cv_prog_make_make_set=yes
ac_cv_search_clock_gettime=-lrt
ac_cv_target=i686-pc-linux-gnu
ac_cv_target_alias=i686-pc-linux-gnu
am_cv_CC_dependencies_compiler_type=gcc3
lt_cv_deplibs_check_method=pass_all
lt_cv_file_magic_cmd='$MAGIC_CMD'
lt_cv_file_magic_test_file=
lt_cv_ld_reload_flag=-r
lt_cv_nm_interface='BSD nm'
lt_cv_objdir=.libs
lt_cv_path_LD=/usr/bin/ld
lt_cv_path_NM='/usr/bin/nm -B'
lt_cv_path_SED=/bin/sed
lt_cv_prog_compiler_c_o=yes
lt_cv_prog_compiler_rtti_exceptions=no
lt_cv_prog_gnu_ld=yes
lt_cv_sys_global_symbol_pipe='sed -n -e '\''s/^.*[ 	]\([ABCDGIRSTW][ABCDGIRSTW]*\)[ 	][ 	]*\([_A-Za-z][_A-Za-z0-9]*\)$/\1 \2 \2/p'\'''
lt_cv_sys_global_symbol_to_c_name_address='sed -n -e '\''s/^: \([^ ]*\) $/  {\"\1\", (void *) 0},/p'\'' -e '\''s/^[ABCDGIRSTW]* \([^ ]*\) \([^ ]*\)$/  {"\2", (void *) \&\2},/p'\'''
lt_cv_sys_global_symbol_to_cdecl='sed -n -e '\''s/^T .* \(.*\)$/extern int \1();/p'\'' -e '\''s/^[ABCDGIRSTW]* .* \(.*\)$/extern char \1;/p'\'''
lt_cv_sys_max_cmd_len=32768

## ----------------- ##
## Output variables. ##
## ----------------- ##

ACLOCAL='${SHELL} /root/Desktop/Shared/finalProject/fuse-2.6.3/missing --run aclocal-1.9'
AMDEPBACKSLASH='\'
AMDEP_FALSE='#'
AMDEP_TRUE=''
AMTAR='${SHELL} /root/Desktop/Shared/finalProject/fuse-2.6.3/missing --run tar'
AR='ar'
AUTOCONF='${SHELL} /root/Desktop/Shared/finalProject/fuse-2.6.3/missing --run autoconf'
AUTOHEADER='${SHELL} /root/Desktop/Shared/finalProject/fuse-2.6.3/missing --run autoheader'
AUTOMAKE='${SHELL} /root/Desktop/Shared/finalProject/fuse-2.6.3/missing --run automake-1.9'
AWK='gawk'
BSD_FALSE=''
BSD_TRUE='#'
CC='gcc'
CCDEPMODE='depmode=gcc3'
CFLAGS='-Wall -W -Wno-sign-compare -Wstrict-prototypes -Wmissing-declarations -Wwrite-strings -g -O2 -fno-strict-aliasing'
CPP='gcc -E'
CPPFLAGS=''
CYGPATH_W='echo'
DEFS='-DHAVE_CONFIG_H'
DEPDIR='.deps'
DUMPBIN=''
ECHO_C=''
ECHO_N='-n'
ECHO_T=''
EGREP='grep -E'
EXEEXT=''
FGREP='grep -F'
GREP='grep'
INIT_D_PATH='/etc/init.d'
INSTALL_DATA='${INSTALL} -m 644'
INSTALL_PROGRAM='${INSTALL}'
INSTALL_SCRIPT='${INSTALL}'
INSTALL_STRIP_PROGRAM='${SHELL} $(install_sh) -c -s'
LD='/usr/bin/ld'
LDFLAGS=''
LIBOBJS=''
LIBS=''
LIBTOOL='$(SHELL) $(top_builddir)/libtool'
LINUX_FALSE='#'
LINUX_TRUE=''
LN_S='ln -s'
LTLIBOBJS=''
MAKEINFO='${SHELL} /root/Desktop/Shared/finalProject/fuse-2.6.3/missing --run makeinfo'
MOUNT_FUSE_PATH='/sbin'
NM='/usr/bin/nm -B'
OBJEXT='o'
PACKAGE='fuse'
PACKAGE_BUGREPORT=''
PACKAGE_NAME='fuse'
PACKAGE_STRING='fuse 2.6.3'
PACKAGE_TARNAME='fuse'
PACKAGE_VERSION='2.6.3'
PATH_SEPARATOR=':'
RANLIB='ranlib'
SED='/bin/sed'
SET_MAKE=''
SHELL='/bin/sh'
STRIP='strip'
UDEV_RULES_PATH='/etc/udev/rules.d'
VERSION='2.6.3'
ac_ct_AR='ar'
ac_ct_CC='gcc'
ac_ct_DUMPBIN=''
ac_ct_RANLIB='ranlib'
ac_ct_STRIP='strip'
am__fastdepCC_FALSE='#'
am__fastdepCC_TRUE=''
am__include='include'
am__leading_dot='.'
am__quote=''
am__tar='${AMTAR} chof - "$$tardir"'
am__untar='${AMTAR} xf -'
bindir='${exec_prefix}/bin'
build='i686-pc-linux-gnu'
build_alias=''
build_cpu='i686'
build_os='linux-gnu'
build_vendor='pc'
datadir='${prefix}/share'
exec_prefix='${prefix}'
host='i686-pc-linux-gnu'
host_alias=''
host_cpu='i686'
host_os='linux-gnu'
host_vendor='pc'
includedir='${prefix}/include'
infodir='${prefix}/info'
install_sh='/root/Desktop/Shared/finalProject/fuse-2.6.3/install-sh'
libdir='${exec_prefix}/lib'
libexecdir='${exec_prefix}/libexec'
libfuse_libs='-pthread -lrt '
localstatedir='${prefix}/var'
lt_ECHO='echo'
mandir='${prefix}/man'
mkdir_p='mkdir -p --'
oldincludedir='/usr/include'
pkgconfigdir='${libdir}/pkgconfig'
prefix='/usr/local'
program_transform_name='s,x,x,'
sbindir='${exec_prefix}/sbin'
sharedstatedir='${prefix}/com'
subdirs2='include lib util example'
subdirs=' kernel'
sysconfdir='${prefix}/etc'
target='i686-pc-linux-gnu'
target_alias=''
target_cpu='i686'
target_os='linux-gnu'
target_vendor='pc'

## ----------- ##
## confdefs.h. ##
## ----------- ##

#define HAVE_DLFCN_H 1
#define HAVE_FDATASYNC 1
#define HAVE_FORK 1
#define HAVE_INTTYPES_H 1
#define HAVE_MEMORY_H 1
#define HAVE_SETXATTR 1
#define HAVE_STDINT_H 1
#define HAVE_STDLIB_H 1
#define HAVE_STRINGS_H 1
#define HAVE_STRING_H 1
#define HAVE_STRUCT_STAT_ST_ATIM 1
#define HAVE_SYS_STAT_H 1
#define HAVE_SYS_TYPES_H 1
#define HAVE_UNISTD_H 1
#define LT_OBJDIR ".libs/"
#define PACKAGE "fuse"
#define PACKAGE_BUGREPORT ""
#define PACKAGE_NAME "fuse"
#define PACKAGE_STRING "fuse 2.6.3"
#define PACKAGE_TARNAME "fuse"
#define PACKAGE_VERSION "2.6.3"
#define STDC_HEADERS 1
#define VERSION "2.6.3"

configure: exit 0

## ---------------------- ##
## Running config.status. ##
## ---------------------- ##

This file was extended by fuse config.status 2.6.3, which was
generated by GNU Autoconf 2.59.  Invocation command line was

  CONFIG_FILES    = 
  CONFIG_HEADERS  = 
  CONFIG_LINKS    = 
  CONFIG_COMMANDS = 
  $ ./config.status example/Makefile depfiles

on localhost.localdomain

config.status:900: creating example/Makefile
config.status:1302: executing depfiles commands

## ---------------------- ##
## Running config.status. ##
## ---------------------- ##

This file was extended by fuse config.status 2.6.3, which was
generated by GNU Autoconf 2.59.  Invocation command line was

  CONFIG_FILES    = 
  CONFIG_HEADERS  = 
  CONFIG_LINKS    = 
  CONFIG_COMMANDS = 
  $ ./config.status example/Makefile depfiles

on localhost.localdomain

config.status:900: creating example/Makefile
config.status:1302: executing depfiles commands

## ---------------------- ##
## Running config.status. ##
## ---------------------- ##

This file was extended by fuse config.status 2.6.3, which was
generated by GNU Autoconf 2.59.  Invocation command line was

  CONFIG_FILES    = 
  CONFIG_HEADERS  = 
  CONFIG_LINKS    = 
  CONFIG_COMMANDS = 
  $ ./config.status example/Makefile depfiles

on localhost.localdomain

config.status:900: creating example/Makefile
config.status:1302: executing depfiles commands
